<!DOCTYPE html PUBLIC "-//W3C//DTD XHTML 1.1//EN" "https://www.w3.org/TR/xhtml11/DTD/xhtml11.dtd">
<html xmlns="https://www.w3.org/1999/xhtml">
<head>
<meta http-equiv="content-type" content="text/html; charset=UTF-8"/>
<title>TestNG Report</title>
<style type="text/css">table {margin-bottom:10px;border-collapse:collapse;empty-cells:show}th,td {border:1px solid #009;padding:.25em .5em}th {vertical-align:bottom}td {vertical-align:top}table a {font-weight:bold}.stripe td {background-color: #E6EBF9}.num {text-align:right}.passedodd td {background-color: #3F3}.passedeven td {background-color: #0A0}.skippedodd td {background-color: #DDD}.skippedeven td {background-color: #CCC}.failedodd td,.attn {background-color: #F33}.failedeven td,.stripe .attn {background-color: #D00}.stacktrace {white-space:pre;font-family:monospace}.totop {font-size:85%;text-align:center;border-bottom:2px solid #000}.invisible {display:none}</style>
</head>
<body>
<table>
<tr><th>Test</th><th># Passed</th><th># Skipped</th><th># Retried</th><th># Failed</th><th>Time (ms)</th><th>Included Groups</th><th>Excluded Groups</th></tr>
<tr><th colspan="8">SeleniumOnlineProject2</th></tr>
<tr><td><a href="#t0">LoginModuleTest</a></td><td class="num">0</td><td class="num attn">1</td><td class="num">0</td><td class="num attn">1</td><td class="num">12,254</td><td></td><td></td></tr>
<tr class="stripe"><td><a href="#t1">AssignLeaveModuleTest</a></td><td class="num">1</td><td class="num">0</td><td class="num">0</td><td class="num attn">1</td><td class="num">3,147</td><td></td><td></td></tr>
<tr><th>Total</th><th class="num">1</th><th class="num attn">1</th><th class="num">0</th><th class="num attn">2</th><th class="num">15,401</th><th colspan="2"></th></tr>
</table>
<table id='summary'><thead><tr><th>Class</th><th>Method</th><th>Start</th><th>Time (ms)</th></tr></thead><tbody><tr><th colspan="4">SeleniumOnlineProject2</th></tr></tbody><tbody id="t0"><tr><th colspan="4">LoginModuleTest &#8212; failed</th></tr><tr class="failedeven"><td rowspan="1">com.bitm.SeleniumOnlineProject2.Test.LoginTest</td><td><a href="#m0">CheckLoginPageTitle</a></td><td rowspan="1">1603033998359</td><td rowspan="1">11421</td></tr><tr><th colspan="4">LoginModuleTest &#8212; skipped</th></tr><tr class="skippedeven"><td rowspan="1">com.bitm.SeleniumOnlineProject2.Test.LoginTest</td><td><a href="#m1">Logintest</a></td><td rowspan="1">1603034010502</td><td rowspan="1">0</td></tr></tbody>
<tbody id="t1"><tr><th colspan="4">AssignLeaveModuleTest &#8212; failed</th></tr><tr class="failedeven"><td rowspan="1">com.bitm.SeleniumOnlineProject2.Test.AssignLeaveTest</td><td><a href="#m2">assignleavetest</a></td><td rowspan="1">1603034013263</td><td rowspan="1">54</td></tr><tr><th colspan="4">AssignLeaveModuleTest &#8212; passed</th></tr><tr class="passedeven"><td rowspan="1">com.bitm.SeleniumOnlineProject2.Test.AssignLeaveTest</td><td><a href="#m3">AssignLeavePage</a></td><td rowspan="1">1603034010571</td><td rowspan="1">1195</td></tr></tbody>
</table>
<h2>LoginModuleTest</h2><h3 id="m0">com.bitm.SeleniumOnlineProject2.Test.LoginTest#CheckLoginPageTitle</h3><table class="result"><tr><th>Exception</th></tr><tr><td><div class="stacktrace">java.lang.AssertionError: expected [OrangeHRMMMM] but found [OrangeHRM]
	at com.bitm.SeleniumOnlineProject2.Test.LoginTest.CheckLoginPageTitle(LoginTest.java:27)
	at java.util.ArrayList.forEach(ArrayList.java:1249)
... Removed 34 stack frames</div></td></tr></table><p class="totop"><a href="#summary">back to summary</a></p>
<h3 id="m1">com.bitm.SeleniumOnlineProject2.Test.LoginTest#Logintest</h3><table class="result"><tr><th>Exception</th></tr><tr><td><div class="stacktrace">java.lang.Throwable: Method LoginTest.Logintest(java.util.List)[pri:0, instance:com.bitm.SeleniumOnlineProject2.Test.LoginTest@2d6eabae] depends on not successfully finished methods
	at java.util.ArrayList.forEach(ArrayList.java:1249)
... Removed 19 stack frames</div></td></tr></table><p class="totop"><a href="#summary">back to summary</a></p>
<h2>AssignLeaveModuleTest</h2><h3 id="m2">com.bitm.SeleniumOnlineProject2.Test.AssignLeaveTest#assignleavetest</h3><table class="result"><tr class="param"><th>Parameter #1</th></tr><tr class="param stripe"><td>[AssignLeaveDTO [employeename=Cassidy Hope, leavetype=US - FMLA, fromdatemonth=Dec, fromdateyear=2020, fromdatedate=14, todatemonth=Dec, todateyear=2020, todatedate=19, comment=This is a test]]</td></tr><tr><th>Exception</th></tr><tr><td><div class="stacktrace">org.openqa.selenium.NoSuchElementException: no such element: Unable to locate element: {&quot;method&quot;:&quot;xpath&quot;,&quot;selector&quot;:&quot;/html/body/div[1]/div[3]/div[1]/div[2]/form/fieldset/ol/li[1]/input[1]&quot;}
  (Session info: chrome=86.0.4240.75)
For documentation on this error, please visit: https://www.seleniumhq.org/exceptions/no_such_element.html
Build info: version: &apos;3.141.59&apos;, revision: &apos;e82be7d358&apos;, time: &apos;2018-11-14T08:17:03&apos;
System info: host: &apos;IMRAN-PC&apos;, ip: &apos;192.168.0.106&apos;, os.name: &apos;Windows 8.1&apos;, os.arch: &apos;amd64&apos;, os.version: &apos;6.3&apos;, java.version: &apos;1.8.0_45&apos;
Driver info: org.openqa.selenium.chrome.ChromeDriver
Capabilities {acceptInsecureCerts: false, browserName: chrome, browserVersion: 86.0.4240.75, chrome: {chromedriverVersion: 85.0.4183.87 (cd6713ebf92fa..., userDataDir: C:\Users\Imran\AppData\Loca...}, goog:chromeOptions: {debuggerAddress: localhost:4079}, javascriptEnabled: true, networkConnectionEnabled: false, pageLoadStrategy: normal, platform: WINDOWS, platformName: WINDOWS, proxy: Proxy(), setWindowRect: true, strictFileInteractability: false, timeouts: {implicit: 0, pageLoad: 300000, script: 30000}, unhandledPromptBehavior: dismiss and notify, webauthn:virtualAuthenticators: true}
Session ID: 42a4927b80c3ad0ccbe2857d798588dc
*** Element info: {Using=xpath, value=/html/body/div[1]/div[3]/div[1]/div[2]/form/fieldset/ol/li[1]/input[1]}
	at org.openqa.selenium.remote.http.W3CHttpResponseCodec.createException(W3CHttpResponseCodec.java:187)
	at org.openqa.selenium.remote.http.W3CHttpResponseCodec.decode(W3CHttpResponseCodec.java:122)
	at org.openqa.selenium.remote.http.W3CHttpResponseCodec.decode(W3CHttpResponseCodec.java:49)
	at org.openqa.selenium.remote.HttpCommandExecutor.execute(HttpCommandExecutor.java:158)
	at org.openqa.selenium.remote.service.DriverCommandExecutor.execute(DriverCommandExecutor.java:83)
	at org.openqa.selenium.remote.RemoteWebDriver.execute(RemoteWebDriver.java:552)
	at org.openqa.selenium.remote.RemoteWebDriver.findElement(RemoteWebDriver.java:323)
	at org.openqa.selenium.remote.RemoteWebDriver.findElementByXPath(RemoteWebDriver.java:428)
	at org.openqa.selenium.By$ByXPath.findElement(By.java:353)
	at org.openqa.selenium.remote.RemoteWebDriver.findElement(RemoteWebDriver.java:315)
	at com.bitm.SeleniumOnlineProject2.Test.AssignLeaveTest.assignleavetest(AssignLeaveTest.java:36)
	at java.util.ArrayList.forEach(ArrayList.java:1249)
... Removed 32 stack frames</div></td></tr></table><p class="totop"><a href="#summary">back to summary</a></p>
<h3 id="m3">com.bitm.SeleniumOnlineProject2.Test.AssignLeaveTest#AssignLeavePage</h3><table class="result"><tr><th class="invisible"/></tr></table><p class="totop"><a href="#summary">back to summary</a></p>
</body>
</html>
